Started GET "/" for 127.0.0.1 at 2017-11-06 22:24:32 -0300
Processing by Rails::WelcomeController#index as HTML
  Rendering /home/caio/.rbenv/versions/2.4.0/lib/ruby/gems/2.4.0/gems/railties-5.1.4/lib/rails/templates/rails/welcome/index.html.erb
  Rendered /home/caio/.rbenv/versions/2.4.0/lib/ruby/gems/2.4.0/gems/railties-5.1.4/lib/rails/templates/rails/welcome/index.html.erb (2.4ms)
Completed 200 OK in 140ms (Views: 4.4ms)


Started GET "/" for 127.0.0.1 at 2017-11-06 22:24:32 -0300
Processing by Rails::WelcomeController#index as HTML
  Rendering /home/caio/.rbenv/versions/2.4.0/lib/ruby/gems/2.4.0/gems/railties-5.1.4/lib/rails/templates/rails/welcome/index.html.erb
  Rendered /home/caio/.rbenv/versions/2.4.0/lib/ruby/gems/2.4.0/gems/railties-5.1.4/lib/rails/templates/rails/welcome/index.html.erb (2.2ms)
Completed 200 OK in 4ms (Views: 3.2ms)


Started GET "/" for 127.0.0.1 at 2017-11-06 22:24:33 -0300
Processing by Rails::WelcomeController#index as HTML
  Rendering /home/caio/.rbenv/versions/2.4.0/lib/ruby/gems/2.4.0/gems/railties-5.1.4/lib/rails/templates/rails/welcome/index.html.erb
  Rendered /home/caio/.rbenv/versions/2.4.0/lib/ruby/gems/2.4.0/gems/railties-5.1.4/lib/rails/templates/rails/welcome/index.html.erb (7.4ms)
Completed 200 OK in 14ms (Views: 11.3ms)


Started GET "/" for 127.0.0.1 at 2017-11-06 22:24:33 -0300
Processing by Rails::WelcomeController#index as HTML
  Rendering /home/caio/.rbenv/versions/2.4.0/lib/ruby/gems/2.4.0/gems/railties-5.1.4/lib/rails/templates/rails/welcome/index.html.erb
  Rendered /home/caio/.rbenv/versions/2.4.0/lib/ruby/gems/2.4.0/gems/railties-5.1.4/lib/rails/templates/rails/welcome/index.html.erb (7.8ms)
Completed 200 OK in 15ms (Views: 11.4ms)


Started GET "/" for 127.0.0.1 at 2017-11-06 22:24:34 -0300
Processing by Rails::WelcomeController#index as HTML
  Rendering /home/caio/.rbenv/versions/2.4.0/lib/ruby/gems/2.4.0/gems/railties-5.1.4/lib/rails/templates/rails/welcome/index.html.erb
  Rendered /home/caio/.rbenv/versions/2.4.0/lib/ruby/gems/2.4.0/gems/railties-5.1.4/lib/rails/templates/rails/welcome/index.html.erb (1.9ms)
Completed 200 OK in 4ms (Views: 3.2ms)


Started GET "/" for 127.0.0.1 at 2017-11-06 22:24:35 -0300
Processing by Rails::WelcomeController#index as HTML
  Rendering /home/caio/.rbenv/versions/2.4.0/lib/ruby/gems/2.4.0/gems/railties-5.1.4/lib/rails/templates/rails/welcome/index.html.erb
  Rendered /home/caio/.rbenv/versions/2.4.0/lib/ruby/gems/2.4.0/gems/railties-5.1.4/lib/rails/templates/rails/welcome/index.html.erb (8.4ms)
Completed 200 OK in 15ms (Views: 11.7ms)


  [1m[35m (0.1ms)[0m  [1m[34mSELECT sqlite_version(*)[0m
  [1m[35m (205.2ms)[0m  [1m[35mCREATE TABLE "schema_migrations" ("version" varchar NOT NULL PRIMARY KEY)[0m
  [1m[35m (84.5ms)[0m  [1m[35mCREATE TABLE "ar_internal_metadata" ("key" varchar NOT NULL PRIMARY KEY, "value" varchar, "created_at" datetime NOT NULL, "updated_at" datetime NOT NULL)[0m
  [1m[35m (0.2ms)[0m  [1m[34mSELECT "schema_migrations"."version" FROM "schema_migrations" ORDER BY "schema_migrations"."version" ASC[0m
Migrating to CreateMedicamentos (20171107013055)
  [1m[35m (0.1ms)[0m  [1m[36mbegin transaction[0m
  [1m[35m (0.4ms)[0m  [1m[35mCREATE TABLE "medicamentos" ("id" INTEGER PRIMARY KEY AUTOINCREMENT NOT NULL, "nome" varchar, "validade" varchar, "created_at" datetime NOT NULL, "updated_at" datetime NOT NULL)[0m
  [1m[35mSQL (0.2ms)[0m  [1m[32mINSERT INTO "schema_migrations" ("version") VALUES (?)[0m  [["version", "20171107013055"]]
  [1m[35m (117.4ms)[0m  [1m[36mcommit transaction[0m
  [1m[36mActiveRecord::InternalMetadata Load (0.4ms)[0m  [1m[34mSELECT  "ar_internal_metadata".* FROM "ar_internal_metadata" WHERE "ar_internal_metadata"."key" = ? LIMIT ?[0m  [["key", "environment"], ["LIMIT", 1]]
  [1m[35m (0.1ms)[0m  [1m[36mbegin transaction[0m
  [1m[35mSQL (0.8ms)[0m  [1m[32mINSERT INTO "ar_internal_metadata" ("key", "value", "created_at", "updated_at") VALUES (?, ?, ?, ?)[0m  [["key", "environment"], ["value", "development"], ["created_at", "2017-11-07 01:31:27.289602"], ["updated_at", "2017-11-07 01:31:27.289602"]]
  [1m[35m (104.7ms)[0m  [1m[36mcommit transaction[0m
  [1m[35m (0.4ms)[0m  [1m[34mSELECT "schema_migrations"."version" FROM "schema_migrations" ORDER BY "schema_migrations"."version" ASC[0m
Started GET "/" for 127.0.0.1 at 2017-11-06 22:31:46 -0300
  [1m[35m (0.2ms)[0m  [1m[34mSELECT "schema_migrations"."version" FROM "schema_migrations" ORDER BY "schema_migrations"."version" ASC[0m
Processing by Rails::WelcomeController#index as HTML
  Rendering /home/caio/.rbenv/versions/2.4.0/lib/ruby/gems/2.4.0/gems/railties-5.1.4/lib/rails/templates/rails/welcome/index.html.erb
  Rendered /home/caio/.rbenv/versions/2.4.0/lib/ruby/gems/2.4.0/gems/railties-5.1.4/lib/rails/templates/rails/welcome/index.html.erb (1.5ms)
Completed 200 OK in 9ms (Views: 3.4ms | ActiveRecord: 0.0ms)


Started GET "/" for 127.0.0.1 at 2017-11-06 22:38:27 -0300
  [1m[35m (0.1ms)[0m  [1m[34mSELECT "schema_migrations"."version" FROM "schema_migrations" ORDER BY "schema_migrations"."version" ASC[0m
  
ActionController::RoutingError (uninitialized constant WelcomeController):
  
activesupport (5.1.4) lib/active_support/inflector/methods.rb:269:in `const_get'
activesupport (5.1.4) lib/active_support/inflector/methods.rb:269:in `block in constantize'
activesupport (5.1.4) lib/active_support/inflector/methods.rb:267:in `each'
activesupport (5.1.4) lib/active_support/inflector/methods.rb:267:in `inject'
activesupport (5.1.4) lib/active_support/inflector/methods.rb:267:in `constantize'
actionpack (5.1.4) lib/action_dispatch/http/request.rb:85:in `controller_class_for'
actionpack (5.1.4) lib/action_dispatch/http/request.rb:78:in `controller_class'
actionpack (5.1.4) lib/action_dispatch/routing/route_set.rb:43:in `controller'
actionpack (5.1.4) lib/action_dispatch/routing/route_set.rb:29:in `serve'
actionpack (5.1.4) lib/action_dispatch/journey/router.rb:50:in `block in serve'
actionpack (5.1.4) lib/action_dispatch/journey/router.rb:33:in `each'
actionpack (5.1.4) lib/action_dispatch/journey/router.rb:33:in `serve'
actionpack (5.1.4) lib/action_dispatch/routing/route_set.rb:834:in `call'
rack (2.0.3) lib/rack/etag.rb:25:in `call'
rack (2.0.3) lib/rack/conditional_get.rb:25:in `call'
rack (2.0.3) lib/rack/head.rb:12:in `call'
rack (2.0.3) lib/rack/session/abstract/id.rb:232:in `context'
rack (2.0.3) lib/rack/session/abstract/id.rb:226:in `call'
actionpack (5.1.4) lib/action_dispatch/middleware/cookies.rb:613:in `call'
activerecord (5.1.4) lib/active_record/migration.rb:556:in `call'
actionpack (5.1.4) lib/action_dispatch/middleware/callbacks.rb:26:in `block in call'
activesupport (5.1.4) lib/active_support/callbacks.rb:97:in `run_callbacks'
actionpack (5.1.4) lib/action_dispatch/middleware/callbacks.rb:24:in `call'
actionpack (5.1.4) lib/action_dispatch/middleware/executor.rb:12:in `call'
actionpack (5.1.4) lib/action_dispatch/middleware/debug_exceptions.rb:59:in `call'
web-console (3.5.1) lib/web_console/middleware.rb:135:in `call_app'
web-console (3.5.1) lib/web_console/middleware.rb:28:in `block in call'
web-console (3.5.1) lib/web_console/middleware.rb:18:in `catch'
web-console (3.5.1) lib/web_console/middleware.rb:18:in `call'
actionpack (5.1.4) lib/action_dispatch/middleware/show_exceptions.rb:31:in `call'
railties (5.1.4) lib/rails/rack/logger.rb:36:in `call_app'
railties (5.1.4) lib/rails/rack/logger.rb:24:in `block in call'
activesupport (5.1.4) lib/active_support/tagged_logging.rb:69:in `block in tagged'
activesupport (5.1.4) lib/active_support/tagged_logging.rb:26:in `tagged'
activesupport (5.1.4) lib/active_support/tagged_logging.rb:69:in `tagged'
railties (5.1.4) lib/rails/rack/logger.rb:24:in `call'
sprockets-rails (3.2.1) lib/sprockets/rails/quiet_assets.rb:13:in `call'
actionpack (5.1.4) lib/action_dispatch/middleware/remote_ip.rb:79:in `call'
actionpack (5.1.4) lib/action_dispatch/middleware/request_id.rb:25:in `call'
rack (2.0.3) lib/rack/method_override.rb:22:in `call'
rack (2.0.3) lib/rack/runtime.rb:22:in `call'
activesupport (5.1.4) lib/active_support/cache/strategy/local_cache_middleware.rb:27:in `call'
actionpack (5.1.4) lib/action_dispatch/middleware/executor.rb:12:in `call'
actionpack (5.1.4) lib/action_dispatch/middleware/static.rb:125:in `call'
rack (2.0.3) lib/rack/sendfile.rb:111:in `call'
railties (5.1.4) lib/rails/engine.rb:522:in `call'
puma (3.10.0) lib/puma/configuration.rb:225:in `call'
puma (3.10.0) lib/puma/server.rb:605:in `handle_request'
puma (3.10.0) lib/puma/server.rb:437:in `process_client'
puma (3.10.0) lib/puma/server.rb:301:in `block in run'
puma (3.10.0) lib/puma/thread_pool.rb:120:in `block in spawn_thread'
Started GET "/" for 127.0.0.1 at 2017-11-06 22:43:46 -0300
  [1m[35m (0.1ms)[0m  [1m[34mSELECT "schema_migrations"."version" FROM "schema_migrations" ORDER BY "schema_migrations"."version" ASC[0m
Processing by MedicamentosController#index as HTML
  Rendering medicamentos/index.html.erb within layouts/application
  [1m[36mMedicamento Load (0.1ms)[0m  [1m[34mSELECT "medicamentos".* FROM "medicamentos"[0m
  Rendered medicamentos/index.html.erb within layouts/application (1.9ms)
Completed 200 OK in 343ms (Views: 331.9ms | ActiveRecord: 0.3ms)


Started GET "/medicamentos/new" for 127.0.0.1 at 2017-11-06 22:43:54 -0300
Processing by MedicamentosController#new as HTML
  Rendering medicamentos/new.html.erb within layouts/application
  Rendered medicamentos/_form.html.erb (11.6ms)
  Rendered medicamentos/new.html.erb within layouts/application (13.3ms)
Completed 200 OK in 48ms (Views: 37.7ms | ActiveRecord: 0.9ms)


Started POST "/medicamentos" for 127.0.0.1 at 2017-11-06 22:44:26 -0300
Processing by MedicamentosController#create as HTML
  Parameters: {"utf8"=>"✓", "authenticity_token"=>"27QL+PHE5mrYmjinWOHjQzaEU+UDoaFiHUd8t2H7TEmrGs7UO1rUskz9uSZP49ls3wOjwxu3nMXWPs3gsa2yaA==", "medicamento"=>{"nome"=>"Benegrip ", "validade"=>"20/04/2018"}, "commit"=>"Create Medicamento"}
  [1m[35m (0.1ms)[0m  [1m[36mbegin transaction[0m
  [1m[35mSQL (0.9ms)[0m  [1m[32mINSERT INTO "medicamentos" ("nome", "validade", "created_at", "updated_at") VALUES (?, ?, ?, ?)[0m  [["nome", "Benegrip "], ["validade", "20/04/2018"], ["created_at", "2017-11-07 01:44:26.398576"], ["updated_at", "2017-11-07 01:44:26.398576"]]
  [1m[35m (190.7ms)[0m  [1m[36mcommit transaction[0m
Redirected to http://localhost:3000/medicamentos/1
Completed 302 Found in 201ms (ActiveRecord: 191.7ms)


Started GET "/medicamentos/1" for 127.0.0.1 at 2017-11-06 22:44:26 -0300
Processing by MedicamentosController#show as HTML
  Parameters: {"id"=>"1"}
  [1m[36mMedicamento Load (0.5ms)[0m  [1m[34mSELECT  "medicamentos".* FROM "medicamentos" WHERE "medicamentos"."id" = ? LIMIT ?[0m  [["id", 1], ["LIMIT", 1]]
  Rendering medicamentos/show.html.erb within layouts/application
  Rendered medicamentos/show.html.erb within layouts/application (2.6ms)
Completed 200 OK in 43ms (Views: 32.3ms | ActiveRecord: 0.5ms)


Started GET "/medicamentos" for 127.0.0.1 at 2017-11-06 22:44:29 -0300
Processing by MedicamentosController#index as HTML
  Rendering medicamentos/index.html.erb within layouts/application
  [1m[36mMedicamento Load (0.3ms)[0m  [1m[34mSELECT "medicamentos".* FROM "medicamentos"[0m
  Rendered medicamentos/index.html.erb within layouts/application (3.6ms)
Completed 200 OK in 29ms (Views: 24.7ms | ActiveRecord: 0.3ms)


Started GET "/medicamentos/1" for 127.0.0.1 at 2017-11-06 22:44:33 -0300
Processing by MedicamentosController#show as HTML
  Parameters: {"id"=>"1"}
  [1m[36mMedicamento Load (1.5ms)[0m  [1m[34mSELECT  "medicamentos".* FROM "medicamentos" WHERE "medicamentos"."id" = ? LIMIT ?[0m  [["id", 1], ["LIMIT", 1]]
  Rendering medicamentos/show.html.erb within layouts/application
  Rendered medicamentos/show.html.erb within layouts/application (1.9ms)
Completed 200 OK in 35ms (Views: 27.9ms | ActiveRecord: 1.5ms)


